  PluginProcessor.cpp
  PluginEditor.cpp
  include_juce_audio_basics.cpp
  include_juce_audio_devices.cpp
  include_juce_audio_formats.cpp
..\..\Source\PluginProcessor.cpp(74): warning C4100: 'index': unreferenced formal parameter
..\..\Source\PluginProcessor.cpp(78): warning C4100: 'index': unreferenced formal parameter
..\..\Source\PluginProcessor.cpp(83): warning C4100: 'newName': unreferenced formal parameter
..\..\Source\PluginProcessor.cpp(83): warning C4100: 'index': unreferenced formal parameter
..\..\Source\PluginProcessor.cpp(88): warning C4100: 'samplesPerBlock': unreferenced formal parameter
..\..\Source\PluginProcessor.cpp(88): warning C4100: 'sampleRate': unreferenced formal parameter
..\..\Source\PluginProcessor.cpp(124): warning C4100: 'midiMessages': unreferenced formal parameter
..\..\Source\PluginProcessor.cpp(142): warning C4189: 'channelData': local variable is initialized but not referenced
..\..\Source\PluginProcessor.cpp(160): warning C4100: 'destData': unreferenced formal parameter
..\..\Source\PluginProcessor.cpp(167): warning C4100: 'sizeInBytes': unreferenced formal parameter
..\..\Source\PluginProcessor.cpp(167): warning C4100: 'data': unreferenced formal parameter
  include_juce_audio_plugin_client_utils.cpp
  include_juce_audio_processors.cpp
  include_juce_core.cpp
  include_juce_cryptography.cpp
  include_juce_data_structures.cpp
  include_juce_events.cpp
  include_juce_graphics.cpp
  include_juce_gui_basics.cpp
  include_juce_gui_extra.cpp
  include_juce_opengl.cpp
  include_juce_video.cpp
  FirstJucePlugin_SharedCode.vcxproj -> D:\Brendan\Documents\2017 Summer Project\VST Synthesizer Design\VST-Project\FirstJucePlugin\Builds\VisualStudio2017\x64\Debug\Shared Code\FirstJucePlugin.lib
